0 info it worked if it ends with ok
1 verbose cli [ '/usr/local/bin/node', '/usr/local/bin/npm', 'start' ]
2 info using npm@3.9.2
3 info using node@v4.4.4
4 verbose run-script [ 'prestart', 'start', 'poststart' ]
5 info lifecycle virtualrealm@0.1.0~prestart: virtualrealm@0.1.0
6 silly lifecycle virtualrealm@0.1.0~prestart: no script for prestart, continuing
7 info lifecycle virtualrealm@0.1.0~start: virtualrealm@0.1.0
8 verbose lifecycle virtualrealm@0.1.0~start: unsafe-perm in lifecycle true
9 verbose lifecycle virtualrealm@0.1.0~start: PATH: /usr/local/lib/node_modules/npm/bin/node-gyp-bin:/Users/ray/src/virtualrealm-js/node_modules/.bin:/usr/local/bin:/Users/ray/.rvm/gems/ruby-2.1.2/bin:/Users/ray/.rvm/gems/ruby-2.1.2@global/bin:/Users/ray/.rvm/rubies/ruby-2.1.2/bin:/usr/local/sbin:/Library/Frameworks/Python.framework/Versions/2.7/bin:/usr/local/bin:/usr/bin:/bin:/usr/sbin:/sbin:/opt/X11/bin:/usr/local/CrossPack-AVR/bin:/usr/local/MacGPG2/bin:/usr/local/smlnj-110.79/bin/sml:/Users/ray/.rvm/gems/ruby-2.1.2/bin:/Users/ray/.rvm/gems/ruby-2.1.2@global/bin:/Users/ray/.rvm/rubies/ruby-2.1.2/bin:/usr/local/sbin:/Library/Frameworks/Python.framework/Versions/2.7/bin:/usr/local/apache-maven-3.3.9/bin:/usr/local/CrossPack-AVR-20131216/bin:/usr/local/apache-ant-1.9.7/bin:/Users/ray/.rvm/bin:/usr/local/apache-maven-3.3.9/bin:/usr/local/CrossPack-AVR-20131216/bin:/usr/local/apache-ant-1.9.7/bin
10 verbose lifecycle virtualrealm@0.1.0~start: CWD: /Users/ray/src/virtualrealm-js
11 silly lifecycle virtualrealm@0.1.0~start: Args: [ '-c', 'node ./bin/server --debug' ]
12 silly lifecycle virtualrealm@0.1.0~start: Returned: code: 1  signal: null
13 info lifecycle virtualrealm@0.1.0~start: Failed to exec start script
14 verbose stack Error: virtualrealm@0.1.0 start: `node ./bin/server --debug`
14 verbose stack Exit status 1
14 verbose stack     at EventEmitter.<anonymous> (/usr/local/lib/node_modules/npm/lib/utils/lifecycle.js:245:16)
14 verbose stack     at emitTwo (events.js:87:13)
14 verbose stack     at EventEmitter.emit (events.js:172:7)
14 verbose stack     at ChildProcess.<anonymous> (/usr/local/lib/node_modules/npm/lib/utils/spawn.js:24:14)
14 verbose stack     at emitTwo (events.js:87:13)
14 verbose stack     at ChildProcess.emit (events.js:172:7)
14 verbose stack     at maybeClose (internal/child_process.js:827:16)
14 verbose stack     at Process.ChildProcess._handle.onexit (internal/child_process.js:211:5)
15 verbose pkgid virtualrealm@0.1.0
16 verbose cwd /Users/ray/src/virtualrealm-js
17 error Darwin 15.4.0
18 error argv "/usr/local/bin/node" "/usr/local/bin/npm" "start"
19 error node v4.4.4
20 error npm  v3.9.2
21 error code ELIFECYCLE
22 error virtualrealm@0.1.0 start: `node ./bin/server --debug`
22 error Exit status 1
23 error Failed at the virtualrealm@0.1.0 start script 'node ./bin/server --debug'.
23 error Make sure you have the latest version of node.js and npm installed.
23 error If you do, this is most likely a problem with the virtualrealm package,
23 error not with npm itself.
23 error Tell the author that this fails on your system:
23 error     node ./bin/server --debug
23 error You can get information on how to open an issue for this project with:
23 error     npm bugs virtualrealm
23 error Or if that isn't available, you can get their info via:
23 error     npm owner ls virtualrealm
23 error There is likely additional logging output above.
24 verbose exit [ 1, true ]
